[INFO] Scanning for projects...
[INFO] 
[INFO] --------------------< siwes.project:school-website >--------------------
[INFO] Building school-website 0.0.1-SNAPSHOT
[INFO]   from pom.xml
[INFO] --------------------------------[ jar ]---------------------------------
[INFO] 
[INFO] >>> spring-boot:3.4.1:run (default-cli) > test-compile @ school-website >>>
[INFO] 
[INFO] --- resources:3.3.1:resources (default-resources) @ school-website ---
[INFO] Copying 1 resource from src\main\resources to target\classes
[INFO] Copying 42 resources from src\main\resources to target\classes
[INFO] 
[INFO] --- compiler:3.13.0:compile (default-compile) @ school-website ---
[INFO] Recompiling the module because of changed source code.
[INFO] Compiling 42 source files with javac [debug parameters release 21] to target\classes
[INFO] 
[INFO] --- resources:3.3.1:testResources (default-testResources) @ school-website ---
[INFO] skip non existing resourceDirectory C:\DevProjects\school-website\src\test\resources
[INFO] 
[INFO] --- compiler:3.13.0:testCompile (default-testCompile) @ school-website ---
[INFO] Recompiling the module because of changed dependency.
[INFO] Compiling 2 source files with javac [debug parameters release 21] to target\test-classes
[INFO] -------------------------------------------------------------
[ERROR] COMPILATION ERROR : 
[INFO] -------------------------------------------------------------
[ERROR] /C:/DevProjects/school-website/src/test/java/siwes/project/school_website/controller/LecturerControllerTest.java:[11,43] package siwes.project.school_website.entity does not exist
[ERROR] /C:/DevProjects/school-website/src/test/java/siwes/project/school_website/controller/LecturerControllerTest.java:[12,43] package siwes.project.school_website.entity does not exist
[ERROR] /C:/DevProjects/school-website/src/test/java/siwes/project/school_website/controller/LecturerControllerTest.java:[13,44] package siwes.project.school_website.service does not exist
[ERROR] /C:/DevProjects/school-website/src/test/java/siwes/project/school_website/controller/LecturerControllerTest.java:[14,44] package siwes.project.school_website.service does not exist
[ERROR] /C:/DevProjects/school-website/src/test/java/siwes/project/school_website/controller/LecturerControllerTest.java:[15,44] package siwes.project.school_website.service does not exist
[ERROR] /C:/DevProjects/school-website/src/test/java/siwes/project/school_website/controller/LecturerControllerTest.java:[25,13] cannot find symbol
  symbol:   class AssignmentService
  location: class siwes.project.school_website.controller.LecturerControllerTest
[ERROR] /C:/DevProjects/school-website/src/test/java/siwes/project/school_website/controller/LecturerControllerTest.java:[28,13] cannot find symbol
  symbol:   class SubmissionService
  location: class siwes.project.school_website.controller.LecturerControllerTest
[ERROR] /C:/DevProjects/school-website/src/test/java/siwes/project/school_website/controller/LecturerControllerTest.java:[31,13] cannot find symbol
  symbol:   class UserService
  location: class siwes.project.school_website.controller.LecturerControllerTest
[ERROR] /C:/DevProjects/school-website/src/test/java/siwes/project/school_website/controller/LecturerControllerTest.java:[34,13] cannot find symbol
  symbol:   class LecturerController
  location: class siwes.project.school_website.controller.LecturerControllerTest
[INFO] 9 errors 
[INFO] -------------------------------------------------------------
[INFO] ------------------------------------------------------------------------
[INFO] BUILD FAILURE
[INFO] ------------------------------------------------------------------------
[INFO] Total time:  28.410 s
[INFO] Finished at: 2026-01-18T07:50:35+01:00
[INFO] ------------------------------------------------------------------------
[ERROR] Failed to execute goal org.apache.maven.plugins:maven-compiler-plugin:3.13.0:testCompile (default-testCompile) on project school-website: Compilation failure: Compilation failure: 
[ERROR] /C:/DevProjects/school-website/src/test/java/siwes/project/school_website/controller/LecturerControllerTest.java:[11,43] package siwes.project.school_website.entity does not exist
[ERROR] /C:/DevProjects/school-website/src/test/java/siwes/project/school_website/controller/LecturerControllerTest.java:[12,43] package siwes.project.school_website.entity does not exist
[ERROR] /C:/DevProjects/school-website/src/test/java/siwes/project/school_website/controller/LecturerControllerTest.java:[13,44] package siwes.project.school_website.service does not exist
[ERROR] /C:/DevProjects/school-website/src/test/java/siwes/project/school_website/controller/LecturerControllerTest.java:[14,44] package siwes.project.school_website.service does not exist
[ERROR] /C:/DevProjects/school-website/src/test/java/siwes/project/school_website/controller/LecturerControllerTest.java:[15,44] package siwes.project.school_website.service does not exist
[ERROR] /C:/DevProjects/school-website/src/test/java/siwes/project/school_website/controller/LecturerControllerTest.java:[25,13] cannot find symbol
[ERROR]   symbol:   class AssignmentService
[ERROR]   location: class siwes.project.school_website.controller.LecturerControllerTest
[ERROR] /C:/DevProjects/school-website/src/test/java/siwes/project/school_website/controller/LecturerControllerTest.java:[28,13] cannot find symbol
[ERROR]   symbol:   class SubmissionService
[ERROR]   location: class siwes.project.school_website.controller.LecturerControllerTest
[ERROR] /C:/DevProjects/school-website/src/test/java/siwes/project/school_website/controller/LecturerControllerTest.java:[31,13] cannot find symbol
[ERROR]   symbol:   class UserService
[ERROR]   location: class siwes.project.school_website.controller.LecturerControllerTest
[ERROR] /C:/DevProjects/school-website/src/test/java/siwes/project/school_website/controller/LecturerControllerTest.java:[34,13] cannot find symbol
[ERROR]   symbol:   class LecturerController
[ERROR]   location: class siwes.project.school_website.controller.LecturerControllerTest
[ERROR] -> [Help 1]
[ERROR] 
[ERROR] To see the full stack trace of the errors, re-run Maven with the -e switch.
[ERROR] Re-run Maven using the -X switch to enable full debug logging.
[ERROR] 
[ERROR] For more information about the errors and possible solutions, please read the following articles:
[ERROR] [Help 1] http://cwiki.apache.org/confluence/display/MAVEN/MojoFailureException
